{"/home/jeanpaul/Desktop/jN_chart_api/index.js": {"path":"/home/jeanpaul/Desktop/jN_chart_api/index.js","statementMap":{"0":{"start":{"line":9,"column":12},"end":{"line":9,"column":21}},"1":{"start":{"line":11,"column":13},"end":{"line":11,"column":17}},"2":{"start":{"line":14,"column":0},"end":{"line":21,"column":1}},"3":{"start":{"line":15,"column":4},"end":{"line":20,"column":7}},"4":{"start":{"line":16,"column":8},"end":{"line":16,"column":32}},"5":{"start":{"line":17,"column":8},"end":{"line":17,"column":69}},"6":{"start":{"line":19,"column":8},"end":{"line":19,"column":67}},"7":{"start":{"line":26,"column":0},"end":{"line":26,"column":52}},"8":{"start":{"line":28,"column":0},"end":{"line":28,"column":27}},"9":{"start":{"line":30,"column":0},"end":{"line":35,"column":2}},"10":{"start":{"line":32,"column":4},"end":{"line":34,"column":7}},"11":{"start":{"line":37,"column":0},"end":{"line":37,"column":30}},"12":{"start":{"line":39,"column":0},"end":{"line":41,"column":2}},"13":{"start":{"line":40,"column":5},"end":{"line":40,"column":53}},"14":{"start":{"line":43,"column":0},"end":{"line":43,"column":21}}},"fnMap":{"0":{"name":"(anonymous_0)","decl":{"start":{"line":14,"column":0},"end":{"line":14,"column":1}},"loc":{"start":{"line":14,"column":9},"end":{"line":21,"column":1}},"line":14},"1":{"name":"(anonymous_1)","decl":{"start":{"line":30,"column":12},"end":{"line":30,"column":13}},"loc":{"start":{"line":30,"column":25},"end":{"line":35,"column":1}},"line":30},"2":{"name":"(anonymous_2)","decl":{"start":{"line":39,"column":16},"end":{"line":39,"column":17}},"loc":{"start":{"line":39,"column":22},"end":{"line":41,"column":1}},"line":39}},"branchMap":{},"s":{"0":1,"1":1,"2":1,"3":0,"4":0,"5":0,"6":0,"7":1,"8":1,"9":1,"10":1,"11":1,"12":1,"13":1,"14":1},"f":{"0":0,"1":1,"2":1},"b":{},"_coverageSchema":"1a1c01bbd47fc00a2c39e90264f33305004495a9","hash":"ccf55995b25c5d173655a15c838d83fd09f53e04"}
,"/home/jeanpaul/Desktop/jN_chart_api/controllers/userController.js": {"path":"/home/jeanpaul/Desktop/jN_chart_api/controllers/userController.js","statementMap":{"0":{"start":{"line":3,"column":2},"end":{"line":11,"column":3}},"1":{"start":{"line":5,"column":4},"end":{"line":10,"column":5}},"2":{"start":{"line":6,"column":19},"end":{"line":6,"column":46}},"3":{"start":{"line":7,"column":6},"end":{"line":7,"column":67}},"4":{"start":{"line":9,"column":6},"end":{"line":9,"column":16}},"5":{"start":{"line":14,"column":2},"end":{"line":42,"column":3}},"6":{"start":{"line":16,"column":36},"end":{"line":16,"column":44}},"7":{"start":{"line":18,"column":19},"end":{"line":18,"column":32}},"8":{"start":{"line":20,"column":4},"end":{"line":39,"column":3}},"9":{"start":{"line":22,"column":20},"end":{"line":22,"column":70}},"10":{"start":{"line":24,"column":6},"end":{"line":24,"column":50}},"11":{"start":{"line":24,"column":16},"end":{"line":24,"column":50}},"12":{"start":{"line":26,"column":8},"end":{"line":29,"column":8}},"13":{"start":{"line":31,"column":4},"end":{"line":33,"column":8}},"14":{"start":{"line":37,"column":6},"end":{"line":37,"column":22}}},"fnMap":{"0":{"name":"(anonymous_0)","decl":{"start":{"line":3,"column":23},"end":{"line":3,"column":24}},"loc":{"start":{"line":3,"column":49},"end":{"line":11,"column":3}},"line":3},"1":{"name":"(anonymous_1)","decl":{"start":{"line":14,"column":23},"end":{"line":14,"column":24}},"loc":{"start":{"line":14,"column":47},"end":{"line":42,"column":3}},"line":14}},"branchMap":{"0":{"loc":{"start":{"line":24,"column":6},"end":{"line":24,"column":50}},"type":"if","locations":[{"start":{"line":24,"column":6},"end":{"line":24,"column":50}},{"start":{"line":24,"column":6},"end":{"line":24,"column":50}}],"line":24}},"s":{"0":1,"1":0,"2":0,"3":0,"4":0,"5":1,"6":0,"7":0,"8":0,"9":0,"10":0,"11":0,"12":0,"13":0,"14":0},"f":{"0":0,"1":0},"b":{"0":[0,0]},"_coverageSchema":"1a1c01bbd47fc00a2c39e90264f33305004495a9","hash":"715b8ab7ce24a295a100d1a957d5516d1308e88f"}
,"/home/jeanpaul/Desktop/jN_chart_api/controllers/authController/login.js": {"path":"/home/jeanpaul/Desktop/jN_chart_api/controllers/authController/login.js","statementMap":{"0":{"start":{"line":11,"column":0},"end":{"line":52,"column":3}},"1":{"start":{"line":12,"column":32},"end":{"line":12,"column":40}},"2":{"start":{"line":14,"column":18},"end":{"line":14,"column":70}},"3":{"start":{"line":16,"column":4},"end":{"line":50,"column":7}},"4":{"start":{"line":18,"column":8},"end":{"line":46,"column":9}},"5":{"start":{"line":20,"column":30},"end":{"line":20,"column":83}},"6":{"start":{"line":22,"column":10},"end":{"line":28,"column":11}},"7":{"start":{"line":24,"column":12},"end":{"line":26,"column":14}},"8":{"start":{"line":29,"column":24},"end":{"line":29,"column":67}},"9":{"start":{"line":31,"column":10},"end":{"line":38,"column":13}},"10":{"start":{"line":42,"column":10},"end":{"line":44,"column":12}},"11":{"start":{"line":49,"column":10},"end":{"line":49,"column":27}}},"fnMap":{"0":{"name":"(anonymous_0)","decl":{"start":{"line":11,"column":16},"end":{"line":11,"column":17}},"loc":{"start":{"line":11,"column":41},"end":{"line":52,"column":3}},"line":11}},"branchMap":{"0":{"loc":{"start":{"line":18,"column":8},"end":{"line":46,"column":9}},"type":"if","locations":[{"start":{"line":18,"column":8},"end":{"line":46,"column":9}},{"start":{"line":18,"column":8},"end":{"line":46,"column":9}}],"line":18},"1":{"loc":{"start":{"line":22,"column":10},"end":{"line":28,"column":11}},"type":"if","locations":[{"start":{"line":22,"column":10},"end":{"line":28,"column":11}},{"start":{"line":22,"column":10},"end":{"line":28,"column":11}}],"line":22}},"s":{"0":1,"1":0,"2":0,"3":0,"4":0,"5":0,"6":0,"7":0,"8":0,"9":0,"10":0,"11":0},"f":{"0":0},"b":{"0":[0,0],"1":[0,0]},"_coverageSchema":"1a1c01bbd47fc00a2c39e90264f33305004495a9","hash":"9a2cf576035d3c607c5e9b2a34263c1057dc560c"}
,"/home/jeanpaul/Desktop/jN_chart_api/controllers/authController/signup.js": {"path":"/home/jeanpaul/Desktop/jN_chart_api/controllers/authController/signup.js","statementMap":{"0":{"start":{"line":9,"column":0},"end":{"line":9,"column":9}},"1":{"start":{"line":11,"column":2},"end":{"line":37,"column":3}},"2":{"start":{"line":12,"column":4},"end":{"line":36,"column":5}},"3":{"start":{"line":13,"column":44},"end":{"line":13,"column":52}},"4":{"start":{"line":15,"column":30},"end":{"line":15,"column":75}},"5":{"start":{"line":17,"column":19},"end":{"line":24,"column":8}},"6":{"start":{"line":28,"column":20},"end":{"line":28,"column":63}},"7":{"start":{"line":31,"column":6},"end":{"line":31,"column":85}},"8":{"start":{"line":34,"column":8},"end":{"line":34,"column":24}}},"fnMap":{"0":{"name":"(anonymous_0)","decl":{"start":{"line":11,"column":19},"end":{"line":11,"column":20}},"loc":{"start":{"line":11,"column":45},"end":{"line":37,"column":3}},"line":11}},"branchMap":{},"s":{"0":1,"1":1,"2":0,"3":0,"4":0,"5":0,"6":0,"7":0,"8":0},"f":{"0":0},"b":{},"_coverageSchema":"1a1c01bbd47fc00a2c39e90264f33305004495a9","hash":"e4cc1d04d43fb2bf484d1e29b94649aab9eee739"}
,"/home/jeanpaul/Desktop/jN_chart_api/helper/databaseconfig.js": {"path":"/home/jeanpaul/Desktop/jN_chart_api/helper/databaseconfig.js","statementMap":{"0":{"start":{"line":4,"column":0},"end":{"line":19,"column":5}}},"fnMap":{},"branchMap":{},"s":{"0":1},"f":{},"b":{},"_coverageSchema":"1a1c01bbd47fc00a2c39e90264f33305004495a9","hash":"a697ef6eb31d9857653bed6e82ee04e920044a74"}
,"/home/jeanpaul/Desktop/jN_chart_api/helper/hashpassword.js": {"path":"/home/jeanpaul/Desktop/jN_chart_api/helper/hashpassword.js","statementMap":{"0":{"start":{"line":13,"column":2},"end":{"line":13,"column":68}},"1":{"start":{"line":23,"column":2},"end":{"line":23,"column":57}}},"fnMap":{"0":{"name":"(anonymous_0)","decl":{"start":{"line":11,"column":1},"end":{"line":11,"column":2}},"loc":{"start":{"line":11,"column":31},"end":{"line":14,"column":2}},"line":11},"1":{"name":"(anonymous_1)","decl":{"start":{"line":21,"column":1},"end":{"line":21,"column":2}},"loc":{"start":{"line":21,"column":53},"end":{"line":24,"column":2}},"line":21}},"branchMap":{},"s":{"0":0,"1":0},"f":{"0":0,"1":0},"b":{},"_coverageSchema":"1a1c01bbd47fc00a2c39e90264f33305004495a9","hash":"99a252ea8f568b3d4a94dc89a8e555f61542c639"}
,"/home/jeanpaul/Desktop/jN_chart_api/helper/token.js": {"path":"/home/jeanpaul/Desktop/jN_chart_api/helper/token.js","statementMap":{"0":{"start":{"line":11,"column":16},"end":{"line":14,"column":47}},"1":{"start":{"line":15,"column":4},"end":{"line":15,"column":17}},"2":{"start":{"line":24,"column":18},"end":{"line":24,"column":55}},"3":{"start":{"line":26,"column":2},"end":{"line":26,"column":20}}},"fnMap":{"0":{"name":"(anonymous_0)","decl":{"start":{"line":10,"column":1},"end":{"line":10,"column":2}},"loc":{"start":{"line":10,"column":32},"end":{"line":16,"column":2}},"line":10},"1":{"name":"(anonymous_1)","decl":{"start":{"line":23,"column":1},"end":{"line":23,"column":2}},"loc":{"start":{"line":23,"column":33},"end":{"line":27,"column":4}},"line":23}},"branchMap":{},"s":{"0":0,"1":0,"2":0,"3":0},"f":{"0":0,"1":0},"b":{},"_coverageSchema":"1a1c01bbd47fc00a2c39e90264f33305004495a9","hash":"0109e51c6e06ea3112ede9d14ad4935dbb6ef846"}
,"/home/jeanpaul/Desktop/jN_chart_api/middleware/checkexistuser.js": {"path":"/home/jeanpaul/Desktop/jN_chart_api/middleware/checkexistuser.js","statementMap":{"0":{"start":{"line":11,"column":22},"end":{"line":20,"column":1}},"1":{"start":{"line":12,"column":19},"end":{"line":12,"column":27}},"2":{"start":{"line":13,"column":14},"end":{"line":13,"column":66}},"3":{"start":{"line":15,"column":1},"end":{"line":18,"column":2}},"4":{"start":{"line":16,"column":2},"end":{"line":16,"column":51}},"5":{"start":{"line":19,"column":1},"end":{"line":19,"column":8}}},"fnMap":{"0":{"name":"(anonymous_0)","decl":{"start":{"line":11,"column":22},"end":{"line":11,"column":23}},"loc":{"start":{"line":11,"column":46},"end":{"line":20,"column":1}},"line":11}},"branchMap":{"0":{"loc":{"start":{"line":15,"column":1},"end":{"line":18,"column":2}},"type":"if","locations":[{"start":{"line":15,"column":1},"end":{"line":18,"column":2}},{"start":{"line":15,"column":1},"end":{"line":18,"column":2}}],"line":15}},"s":{"0":1,"1":0,"2":0,"3":0,"4":0,"5":0},"f":{"0":0},"b":{"0":[0,0]},"_coverageSchema":"1a1c01bbd47fc00a2c39e90264f33305004495a9","hash":"deee7ae4c3d4617566ada1d6162be64cce2014e7"}
,"/home/jeanpaul/Desktop/jN_chart_api/middleware/signupvalidation.js": {"path":"/home/jeanpaul/Desktop/jN_chart_api/middleware/signupvalidation.js","statementMap":{"0":{"start":{"line":3,"column":26},"end":{"line":13,"column":6}}},"fnMap":{},"branchMap":{},"s":{"0":1},"f":{},"b":{},"_coverageSchema":"1a1c01bbd47fc00a2c39e90264f33305004495a9","hash":"fcf94c14f811cebb832641b1801a0abf46c724d8"}
,"/home/jeanpaul/Desktop/jN_chart_api/models/index.js": {"path":"/home/jeanpaul/Desktop/jN_chart_api/models/index.js","statementMap":{"0":{"start":{"line":3,"column":11},"end":{"line":3,"column":24}},"1":{"start":{"line":4,"column":13},"end":{"line":4,"column":28}},"2":{"start":{"line":5,"column":18},"end":{"line":5,"column":38}},"3":{"start":{"line":6,"column":17},"end":{"line":6,"column":42}},"4":{"start":{"line":7,"column":12},"end":{"line":7,"column":49}},"5":{"start":{"line":8,"column":15},"end":{"line":8,"column":65}},"6":{"start":{"line":9,"column":11},"end":{"line":9,"column":13}},"7":{"start":{"line":12,"column":0},"end":{"line":16,"column":1}},"8":{"start":{"line":13,"column":2},"end":{"line":13,"column":74}},"9":{"start":{"line":15,"column":2},"end":{"line":15,"column":87}},"10":{"start":{"line":18,"column":0},"end":{"line":26,"column":5}},"11":{"start":{"line":21,"column":4},"end":{"line":21,"column":90}},"12":{"start":{"line":24,"column":18},"end":{"line":24,"column":85}},"13":{"start":{"line":25,"column":4},"end":{"line":25,"column":27}},"14":{"start":{"line":28,"column":0},"end":{"line":32,"column":3}},"15":{"start":{"line":29,"column":2},"end":{"line":31,"column":3}},"16":{"start":{"line":30,"column":4},"end":{"line":30,"column":32}},"17":{"start":{"line":34,"column":0},"end":{"line":34,"column":25}},"18":{"start":{"line":35,"column":0},"end":{"line":35,"column":25}},"19":{"start":{"line":37,"column":0},"end":{"line":37,"column":20}}},"fnMap":{"0":{"name":"(anonymous_0)","decl":{"start":{"line":20,"column":10},"end":{"line":20,"column":11}},"loc":{"start":{"line":20,"column":18},"end":{"line":22,"column":3}},"line":20},"1":{"name":"(anonymous_1)","decl":{"start":{"line":23,"column":11},"end":{"line":23,"column":12}},"loc":{"start":{"line":23,"column":19},"end":{"line":26,"column":3}},"line":23},"2":{"name":"(anonymous_2)","decl":{"start":{"line":28,"column":24},"end":{"line":28,"column":25}},"loc":{"start":{"line":28,"column":37},"end":{"line":32,"column":1}},"line":28}},"branchMap":{"0":{"loc":{"start":{"line":7,"column":12},"end":{"line":7,"column":49}},"type":"binary-expr","locations":[{"start":{"line":7,"column":12},"end":{"line":7,"column":32}},{"start":{"line":7,"column":36},"end":{"line":7,"column":49}}],"line":7},"1":{"loc":{"start":{"line":12,"column":0},"end":{"line":16,"column":1}},"type":"if","locations":[{"start":{"line":12,"column":0},"end":{"line":16,"column":1}},{"start":{"line":12,"column":0},"end":{"line":16,"column":1}}],"line":12},"2":{"loc":{"start":{"line":21,"column":11},"end":{"line":21,"column":89}},"type":"binary-expr","locations":[{"start":{"line":21,"column":12},"end":{"line":21,"column":35}},{"start":{"line":21,"column":41},"end":{"line":21,"column":58}},{"start":{"line":21,"column":64},"end":{"line":21,"column":88}}],"line":21},"3":{"loc":{"start":{"line":29,"column":2},"end":{"line":31,"column":3}},"type":"if","locations":[{"start":{"line":29,"column":2},"end":{"line":31,"column":3}},{"start":{"line":29,"column":2},"end":{"line":31,"column":3}}],"line":29}},"s":{"0":1,"1":1,"2":1,"3":1,"4":1,"5":1,"6":1,"7":1,"8":0,"9":1,"10":1,"11":2,"12":1,"13":1,"14":1,"15":1,"16":1,"17":1,"18":1,"19":1},"f":{"0":2,"1":1,"2":1},"b":{"0":[1,0],"1":[0,1],"2":[2,2,1],"3":[1,0]},"_coverageSchema":"1a1c01bbd47fc00a2c39e90264f33305004495a9","hash":"df349a600ace7cc1dc7a0cb94878e590a05d9ad1"}
,"/home/jeanpaul/Desktop/jN_chart_api/models/user.js": {"path":"/home/jeanpaul/Desktop/jN_chart_api/models/user.js","statementMap":{"0":{"start":{"line":4,"column":4},"end":{"line":4,"column":24}},"1":{"start":{"line":5,"column":0},"end":{"line":26,"column":2}},"2":{"start":{"line":16,"column":2},"end":{"line":24,"column":5}},"3":{"start":{"line":25,"column":2},"end":{"line":25,"column":14}}},"fnMap":{"0":{"name":"(anonymous_0)","decl":{"start":{"line":5,"column":17},"end":{"line":5,"column":18}},"loc":{"start":{"line":5,"column":43},"end":{"line":26,"column":1}},"line":5},"1":{"name":"(anonymous_1)","decl":{"start":{"line":12,"column":4},"end":{"line":12,"column":5}},"loc":{"start":{"line":12,"column":29},"end":{"line":14,"column":5}},"line":12}},"branchMap":{},"s":{"0":1,"1":1,"2":1,"3":1},"f":{"0":1,"1":1},"b":{},"_coverageSchema":"1a1c01bbd47fc00a2c39e90264f33305004495a9","hash":"a6d259d918397bcb4aa814aab4e42bd09f422882"}
,"/home/jeanpaul/Desktop/jN_chart_api/routes/authRoutes.js": {"path":"/home/jeanpaul/Desktop/jN_chart_api/routes/authRoutes.js","statementMap":{"0":{"start":{"line":14,"column":15},"end":{"line":14,"column":31}},"1":{"start":{"line":18,"column":0},"end":{"line":18,"column":90}},"2":{"start":{"line":20,"column":0},"end":{"line":20,"column":45}},"3":{"start":{"line":24,"column":0},"end":{"line":24,"column":52}},"4":{"start":{"line":26,"column":0},"end":{"line":26,"column":79}},"5":{"start":{"line":30,"column":0},"end":{"line":30,"column":24}}},"fnMap":{},"branchMap":{},"s":{"0":1,"1":1,"2":1,"3":1,"4":1,"5":1},"f":{},"b":{},"_coverageSchema":"1a1c01bbd47fc00a2c39e90264f33305004495a9","hash":"b8dc0eef80e2e0a147378bfb30b0f07d0c0319bd"}
}
